

times in msec
 clock   self+sourced   self:  sourced script
 clock   elapsed:              other lines

000.010  000.010: --- NVIM STARTING ---
000.077  000.067: event init
000.161  000.084: early init
000.199  000.038: locale set
000.237  000.038: init first window
000.439  000.202: inits 1
000.447  000.008: window checked
000.451  000.004: parsing arguments
000.777  000.054  000.054: require('vim.shared')
000.851  000.029  000.029: require('vim._meta')
000.854  000.074  000.045: require('vim._editor')
000.856  000.153  000.025: require('vim._init_packages')
000.858  000.255: init lua interpreter
000.894  000.036: expanding arguments
000.915  000.021: inits 2
001.148  000.233: init highlight
001.150  000.002: waiting for UI
002.239  001.089: done waiting for UI
002.252  000.013: clear screen
002.366  000.115: init default mappings
002.381  000.014: init default autocommands
003.613  000.051  000.051: sourcing /usr/share/nvim/runtime/ftplugin.vim
003.835  000.022  000.022: sourcing /usr/share/nvim/runtime/indent.vim
003.896  000.010  000.010: sourcing /usr/share/nvim/archlinux.vim
003.899  000.028  000.018: sourcing /etc/xdg/nvim/sysinit.vim
007.114  000.035  000.035: require('luasnip.session')
007.123  000.395  000.360: require('luasnip.util.util')
007.254  000.129  000.129: require('luasnip.session.snippet_collection')
007.827  000.484  000.484: require('luasnip.util._builtin_vars')
007.871  000.034  000.034: require('vim.inspect')
007.919  000.662  000.144: require('luasnip.util.environ')
007.974  000.052  000.052: require('luasnip.util.extend_decorator')
008.118  000.032  000.032: require('luasnip.loaders._caches')
008.219  000.098  000.098: require('luasnip.util.path')
008.254  000.278  000.147: require('luasnip.loaders')
008.359  000.098  000.098: require('luasnip.util.log')
008.559  000.039  000.039: require('luasnip.util.types')
008.659  000.097  000.097: require('luasnip.util.ext_opts')
008.758  000.096  000.096: require('luasnip.extras.filetype_functions')
008.966  000.596  000.364: require('luasnip.config')
008.970  002.641  000.431: require('luasnip')
009.116  000.144  000.144: require('luasnip.loaders.util')
010.115  000.085  000.085: require('luasnip.nodes.util')
010.146  000.026  000.026: require('luasnip.util.events')
010.155  000.328  000.218: require('luasnip.nodes.node')
010.290  000.133  000.133: require('luasnip.nodes.insertNode')
010.365  000.072  000.072: require('luasnip.nodes.textNode')
010.455  000.087  000.087: require('luasnip.util.mark')
010.522  000.064  000.064: require('luasnip.util.pattern_tokenizer')
010.566  000.041  000.041: require('luasnip.util.dict')
010.591  001.331  000.606: require('luasnip.nodes.snippet')
010.982  000.080  000.080: require('luasnip.util.parser.neovim_ast')
011.061  000.076  000.076: require('luasnip.util.str')
011.742  000.080  000.080: require('luasnip.util.directed_graph')
011.754  001.025  000.789: require('luasnip.util.parser.ast_utils')
011.908  000.150  000.150: require('luasnip.nodes.functionNode')
012.182  000.271  000.271: require('luasnip.nodes.choiceNode')
012.354  000.168  000.168: require('luasnip.nodes.dynamicNode')
012.405  000.048  000.048: require('luasnip.util.functions')
012.412  001.819  000.156: require('luasnip.util.parser.ast_parser')
012.632  000.217  000.217: require('luasnip.util.parser.neovim_parser')
012.639  003.461  000.094: require('luasnip.util.parser')
012.644  003.525  000.064: require('luasnip.nodes.snippetProxy')
012.652  007.417  001.108: require('luasnip/loaders/from_vscode')
060.307  056.368  048.951: require('user.options')
060.859  056.944  000.576: sourcing /home/sebastian/.config/nvim/init.lua
060.867  001.440: sourcing vimrc file(s)
061.395  000.052  000.052: sourcing /home/sebastian/.local/share/nvim/site/pack/packer/start/Dockerfile.vim/ftdetect/Dockerfile.vim
061.425  000.015  000.015: sourcing /home/sebastian/.local/share/nvim/site/pack/packer/start/Dockerfile.vim/ftdetect/docker-compose.vim
061.489  000.010  000.010: sourcing /home/sebastian/.local/share/nvim/site/pack/packer/start/LuaSnip/ftdetect/snippets.vim
062.176  000.980  000.903: sourcing /usr/share/nvim/runtime/filetype.lua
062.545  000.079  000.079: sourcing /usr/share/nvim/runtime/syntax/synload.vim
062.617  000.352  000.273: sourcing /usr/share/nvim/runtime/syntax/syntax.vim
063.809  000.148  000.148: sourcing /usr/share/nvim/runtime/plugin/gzip.vim
063.830  000.008  000.008: sourcing /usr/share/nvim/runtime/plugin/health.vim
064.220  000.139  000.139: sourcing /usr/share/nvim/runtime/pack/dist/opt/matchit/plugin/matchit.vim
064.307  000.466  000.327: sourcing /usr/share/nvim/runtime/plugin/matchit.vim
064.439  000.121  000.121: sourcing /usr/share/nvim/runtime/plugin/matchparen.vim
064.466  000.014  000.014: sourcing /usr/share/nvim/runtime/plugin/netrwPlugin.vim
064.585  000.009  000.009: sourcing /home/sebastian/.local/share/nvim/rplugin.vim
064.592  000.114  000.105: sourcing /usr/share/nvim/runtime/plugin/rplugin.vim
064.653  000.052  000.052: sourcing /usr/share/nvim/runtime/plugin/shada.vim
064.686  000.017  000.017: sourcing /usr/share/nvim/runtime/plugin/spellfile.vim
064.790  000.092  000.092: sourcing /usr/share/nvim/runtime/plugin/tarPlugin.vim
064.876  000.069  000.069: sourcing /usr/share/nvim/runtime/plugin/tohtml.vim
064.901  000.013  000.013: sourcing /usr/share/nvim/runtime/plugin/tutor.vim
065.051  000.139  000.139: sourcing /usr/share/nvim/runtime/plugin/zipPlugin.vim
065.365  000.068  000.068: sourcing /usr/share/nvim/runtime/plugin/man.lua
065.380  001.861: loading rtp plugins
065.913  000.010  000.010: require('vim.keymap')
067.539  000.044  000.044: require('Comment.config')
067.877  000.152  000.152: require('Comment.ft')
067.884  000.342  000.190: require('Comment.utils')
067.997  000.111  000.111: require('Comment.opfunc')
068.062  000.062  000.062: require('Comment.extra')
068.066  002.150  001.591: require('Comment.api')
068.207  002.342  000.182: sourcing /home/sebastian/.local/share/nvim/site/pack/packer/start/Comment.nvim/plugin/Comment.lua
068.353  000.055  000.055: sourcing /home/sebastian/.local/share/nvim/site/pack/packer/start/FixCursorHold.nvim/plugin/fix_cursorhold_nvim.vim
068.583  000.137  000.137: sourcing /home/sebastian/.local/share/nvim/site/pack/packer/start/LuaSnip/plugin/luasnip.vim
068.932  000.046  000.046: sourcing /home/sebastian/.local/share/nvim/site/pack/packer/start/devdocs.vim/plugin/devdocs.vim
069.777  000.222  000.222: require('indent_blankline/utils')
069.782  000.644  000.421: require('indent_blankline')
069.998  000.085  000.085: require('indent_blankline.commands')
070.056  000.969  000.240: sourcing /home/sebastian/.local/share/nvim/site/pack/packer/start/indent-blankline.nvim/plugin/indent_blankline.vim
070.228  000.028  000.028: sourcing /home/sebastian/.local/share/nvim/site/pack/packer/start/jaq-nvim/plugin/jaq-nvim.lua
070.383  000.099  000.099: sourcing /home/sebastian/.local/share/nvim/site/pack/packer/start/lazygit.nvim/plugin/lazygit.vim
070.521  000.029  000.029: sourcing /home/sebastian/.local/share/nvim/site/pack/packer/start/lush.nvim/plugin/lush.vim
070.697  000.019  000.019: sourcing /home/sebastian/.local/share/nvim/site/pack/packer/start/neoformat/plugin/neoformat.vim
070.911  000.039  000.039: sourcing /home/sebastian/.local/share/nvim/site/pack/packer/start/nvim-cheat.sh/plugin/cheat.vim
071.250  000.163  000.163: require('cmp.utils.api')
071.440  000.099  000.099: require('cmp.types.cmp')
071.798  000.185  000.185: require('cmp.utils.misc')
071.810  000.367  000.182: require('cmp.types.lsp')
071.894  000.082  000.082: require('cmp.types.vim')
071.897  000.644  000.096: require('cmp.types')
071.997  000.098  000.098: require('cmp.utils.highlight')
072.209  000.090  000.090: require('cmp.utils.debug')
072.218  000.219  000.129: require('cmp.utils.autocmd')
072.434  001.412  000.288: sourcing /home/sebastian/.local/share/nvim/site/pack/packer/start/nvim-cmp/plugin/cmp.lua
072.525  000.026  000.026: sourcing /home/sebastian/.local/share/nvim/site/pack/packer/start/nvim-colorizer.lua/plugin/colorizer.vim
072.814  000.204  000.204: sourcing /home/sebastian/.local/share/nvim/site/pack/packer/start/nvim-hlchunk/plugin/hlchunk.vim
072.949  000.022  000.022: sourcing /home/sebastian/.local/share/nvim/site/pack/packer/start/nvim-jdtls/plugin/nvim_jdtls.vim
074.945  000.247  000.247: require('vim.lsp.log')
075.520  000.008  000.008: require('vim.F')
075.525  000.575  000.567: require('vim.lsp.protocol')
076.944  000.377  000.377: require('vim.lsp._snippet')
077.162  000.213  000.213: require('vim.highlight')
077.175  001.648  001.058: require('vim.lsp.util')
077.192  002.951  000.481: require('vim.lsp.handlers')
077.654  000.459  000.459: require('vim.lsp.rpc')
077.927  000.270  000.270: require('vim.lsp.sync')
078.403  000.473  000.473: require('vim.lsp.buf')
078.651  000.244  000.244: require('vim.lsp.diagnostic')
078.940  000.287  000.287: require('vim.lsp.codelens')
079.012  005.816  001.132: require('vim.lsp')
079.064  005.979  000.163: sourcing /home/sebastian/.local/share/nvim/site/pack/packer/start/nvim-lspconfig/plugin/lspconfig.lua
080.082  000.199  000.199: require('nvim-treesitter.utils')
081.488  000.159  000.159: require('vim.treesitter.language')
081.497  000.543  000.385: require('vim.treesitter.query')
081.843  000.344  000.344: require('vim.treesitter.languagetree')
081.852  001.165  000.277: require('vim.treesitter')
081.977  001.890  000.725: require('nvim-treesitter.parsers')
083.286  000.309  000.309: require('nvim-treesitter.ts_utils')
083.293  000.495  000.186: require('nvim-treesitter.tsrange')
083.422  000.126  000.126: require('nvim-treesitter.caching')
083.431  000.911  000.290: require('nvim-treesitter.query')
083.443  001.257  000.346: require('nvim-treesitter.configs')
083.446  001.467  000.209: require('nvim-treesitter.info')
083.699  000.249  000.249: require('nvim-treesitter.shell_command_selectors')
083.723  004.332  000.527: require('nvim-treesitter.install')
083.858  000.132  000.132: require('nvim-treesitter.statusline')
084.049  000.189  000.189: require('nvim-treesitter.query_predicates')
084.053  004.790  000.137: require('nvim-treesitter')
084.284  005.053  000.263: sourcing /home/sebastian/.local/share/nvim/site/pack/packer/start/nvim-treesitter/plugin/nvim-treesitter.lua
084.516  000.133  000.133: require('ts_context_commentstring')
084.529  000.160  000.027: sourcing /home/sebastian/.local/share/nvim/site/pack/packer/start/nvim-ts-context-commentstring/plugin/ts_context_commentstring.vim
084.774  000.146  000.146: require('rainbow')
084.835  000.215  000.070: sourcing /home/sebastian/.local/share/nvim/site/pack/packer/start/nvim-ts-rainbow/plugin/rainbow.vim
084.967  000.043  000.043: sourcing /home/sebastian/.local/share/nvim/site/pack/packer/start/nvim-web-devicons/plugin/nvim-web-devicons.vim
085.102  000.027  000.027: sourcing /home/sebastian/.local/share/nvim/site/pack/packer/start/plenary.nvim/plugin/plenary.vim
085.209  000.027  000.027: sourcing /home/sebastian/.local/share/nvim/site/pack/packer/start/popfix/plugin/popfix.vim
085.381  000.068  000.068: sourcing /home/sebastian/.local/share/nvim/site/pack/packer/start/searchbox.nvim/plugin/searchbox.vim
085.945  000.453  000.453: sourcing /home/sebastian/.local/share/nvim/site/pack/packer/start/telescope.nvim/plugin/telescope.lua
086.115  000.059  000.059: sourcing /home/sebastian/.local/share/nvim/site/pack/packer/start/vim-bbye/plugin/bbye.vim
086.964  000.153  000.153: require('illuminate.util')
087.156  000.188  000.188: require('illuminate.config')
087.337  000.178  000.178: require('illuminate.reference')
087.342  000.695  000.176: require('illuminate.highlight')
087.348  000.977  000.282: require('illuminate.engine')
087.666  000.293  000.293: require('illuminate')
087.752  001.534  000.264: sourcing /home/sebastian/.local/share/nvim/site/pack/packer/start/vim-illuminate/plugin/illuminate.vim
088.252  000.133  000.133: sourcing /home/sebastian/.local/share/nvim/site/pack/packer/start/vim-visual-multi/autoload/vm/plugs.vim
088.775  000.147  000.147: sourcing /home/sebastian/.local/share/nvim/site/pack/packer/start/vim-visual-multi/autoload/vm/maps.vim
089.090  000.089  000.089: sourcing /home/sebastian/.local/share/nvim/site/pack/packer/start/vim-visual-multi/autoload/vm/maps/all.vim
090.208  002.354  001.985: sourcing /home/sebastian/.local/share/nvim/site/pack/packer/start/vim-visual-multi/plugin/visual-multi.vim
090.319  000.010  000.010: sourcing /home/sebastian/.local/share/nvim/site/pack/packer/start/which-key.nvim/plugin/which-key.vim
090.495  003.707: loading packages
091.739  000.153  000.153: require('cmp.utils.char')
091.746  000.332  000.179: require('cmp.utils.str')
091.844  000.095  000.095: require('cmp.utils.pattern')
092.307  000.094  000.094: require('cmp.utils.buffer')
092.313  000.342  000.248: require('cmp.utils.keymap')
092.318  000.471  000.129: require('cmp.utils.feedkeys')
092.474  000.154  000.154: require('cmp.utils.async')
092.718  000.108  000.108: require('cmp.utils.cache')
092.723  000.246  000.137: require('cmp.context')
093.377  000.172  000.172: require('cmp.config.mapping')
093.724  000.208  000.208: require('cmp.config.compare')
093.728  000.347  000.138: require('cmp.config.default')
093.740  000.736  000.217: require('cmp.config')
094.311  000.190  000.190: require('cmp.matcher')
094.318  000.576  000.387: require('cmp.entry')
094.325  001.600  000.288: require('cmp.source')
094.631  000.109  000.109: require('cmp.utils.event')
095.112  000.093  000.093: require('cmp.utils.options')
095.118  000.328  000.235: require('cmp.utils.window')
095.122  000.488  000.160: require('cmp.view.docs_view')
095.490  000.367  000.367: require('cmp.view.custom_entries_view')
095.726  000.233  000.233: require('cmp.view.wildmenu_entries_view')
095.909  000.179  000.179: require('cmp.view.native_entries_view')
096.052  000.140  000.140: require('cmp.view.ghost_text_view')
096.061  001.734  000.218: require('cmp.view')
096.235  005.207  000.576: require('cmp.core')
096.511  000.097  000.097: require('cmp.config.sources')
096.609  000.093  000.093: require('cmp.config.window')
096.645  005.898  000.500: require('cmp')
096.985  000.047  000.047: require('cmp_buffer.timer')
096.990  000.220  000.173: require('cmp_buffer.buffer')
096.994  000.314  000.094: require('cmp_buffer.source')
096.997  000.348  000.035: require('cmp_buffer')
097.010  006.277  000.030: sourcing /home/sebastian/.local/share/nvim/site/pack/packer/start/cmp-buffer/after/plugin/cmp_buffer.lua
097.292  000.097  000.097: require('cmp_nvim_lsp.source')
097.296  000.199  000.102: require('cmp_nvim_lsp')
097.333  000.250  000.051: sourcing /home/sebastian/.local/share/nvim/site/pack/packer/start/cmp-nvim-lsp/after/plugin/cmp_nvim_lsp.lua
097.485  000.084  000.084: require('cmp_nvim_lua')
097.504  000.114  000.030: sourcing /home/sebastian/.local/share/nvim/site/pack/packer/start/cmp-nvim-lua/after/plugin/cmp_nvim_lua.lua
097.744  000.175  000.175: require('cmp_path')
097.757  000.200  000.026: sourcing /home/sebastian/.local/share/nvim/site/pack/packer/start/cmp-path/after/plugin/cmp_path.lua
098.216  000.052  000.052: require('cmp_tabnine.config')
098.231  000.330  000.278: require('cmp_tabnine.source')
098.234  000.402  000.072: require('cmp_tabnine')
098.237  000.417  000.015: sourcing /home/sebastian/.local/share/nvim/site/pack/packer/start/cmp-tabnine/after/plugin/cmp-tabnine.lua
098.444  000.131  000.131: require('cmp_luasnip')
098.476  000.183  000.052: sourcing /home/sebastian/.local/share/nvim/site/pack/packer/start/cmp_luasnip/after/plugin/cmp_luasnip.lua
098.491  000.557: loading after plugins
098.504  000.013: inits 3
100.356  001.852: reading ShaDa
100.737  000.150  000.150: require('luasnip.loaders.from_lua')
100.923  000.152  000.152: require('luasnip.loaders.from_snipmate')
101.201  000.162  000.162: require('luasnip.loaders.from_vscode')
101.451  000.631: opening buffers
101.472  000.020: BufEnter autocommands
101.475  000.003: editing files in windows
